[debug] [2021-02-04T05:32:51.045Z] ----------------------------------------------------------------------
[debug] [2021-02-04T05:32:51.047Z] Command:       /Users/johnpena/.nvm/versions/node/v12.20.1/bin/node /Users/johnpena/.nvm/versions/node/v12.20.1/bin/firebase deploy
[debug] [2021-02-04T05:32:51.047Z] CLI Version:   9.3.0
[debug] [2021-02-04T05:32:51.048Z] Platform:      darwin
[debug] [2021-02-04T05:32:51.048Z] Node Version:  v12.20.1
[debug] [2021-02-04T05:32:51.049Z] Time:          Thu Feb 04 2021 00:32:51 GMT-0500 (Eastern Standard Time)
[debug] [2021-02-04T05:32:51.049Z] ----------------------------------------------------------------------
[debug] [2021-02-04T05:32:51.049Z] 
[debug] [2021-02-04T05:32:51.056Z] > command requires scopes: ["email","openid","https://www.googleapis.com/auth/cloudplatformprojects.readonly","https://www.googleapis.com/auth/firebase","https://www.googleapis.com/auth/cloud-platform"]
[debug] [2021-02-04T05:32:51.057Z] > authorizing via signed-in user
[debug] [2021-02-04T05:32:51.057Z] [iam] checking project v3-f5de1 for permissions ["cloudfunctions.functions.create","cloudfunctions.functions.delete","cloudfunctions.functions.get","cloudfunctions.functions.list","cloudfunctions.functions.update","cloudfunctions.operations.get","firebase.projects.get","firebasehosting.sites.update"]
[debug] [2021-02-04T05:32:51.060Z] >>> HTTP REQUEST POST https://cloudresourcemanager.googleapis.com/v1/projects/v3-f5de1:testIamPermissions  
 {"permissions":["cloudfunctions.functions.create","cloudfunctions.functions.delete","cloudfunctions.functions.get","cloudfunctions.functions.list","cloudfunctions.functions.update","cloudfunctions.operations.get","firebase.projects.get","firebasehosting.sites.update"]}
[debug] [2021-02-04T05:32:51.278Z] <<< HTTP RESPONSE 200 {"content-type":"application/json; charset=UTF-8","vary":"X-Origin, Referer, Origin,Accept-Encoding","date":"Thu, 04 Feb 2021 05:32:51 GMT","server":"ESF","cache-control":"private","x-xss-protection":"0","x-frame-options":"SAMEORIGIN","x-content-type-options":"nosniff","server-timing":"gfet4t7; dur=141","alt-svc":"h3-29=\":443\"; ma=2592000,h3-T051=\":443\"; ma=2592000,h3-Q050=\":443\"; ma=2592000,h3-Q046=\":443\"; ma=2592000,h3-Q043=\":443\"; ma=2592000,quic=\":443\"; ma=2592000; v=\"46,43\"","accept-ranges":"none","transfer-encoding":"chunked"}
[debug] [2021-02-04T05:32:51.280Z] >>> HTTP REQUEST POST https://iam.googleapis.com/v1/projects/v3-f5de1/serviceAccounts/v3-f5de1@appspot.gserviceaccount.com:testIamPermissions  
 {"permissions":["iam.serviceAccounts.actAs"]}
[debug] [2021-02-04T05:32:51.468Z] <<< HTTP RESPONSE 200 {"content-type":"application/json; charset=UTF-8","vary":"X-Origin, Referer, Origin,Accept-Encoding","date":"Thu, 04 Feb 2021 05:32:51 GMT","server":"ESF","cache-control":"private","x-xss-protection":"0","x-frame-options":"SAMEORIGIN","x-content-type-options":"nosniff","alt-svc":"h3-29=\":443\"; ma=2592000,h3-T051=\":443\"; ma=2592000,h3-Q050=\":443\"; ma=2592000,h3-Q046=\":443\"; ma=2592000,h3-Q043=\":443\"; ma=2592000,quic=\":443\"; ma=2592000; v=\"46,43\"","accept-ranges":"none","transfer-encoding":"chunked"}
[debug] [2021-02-04T05:32:51.470Z] > refreshing access token with scopes: []
[debug] [2021-02-04T05:32:51.470Z] >>> HTTP REQUEST POST https://www.googleapis.com/oauth2/v3/token  
 <request body omitted>
[debug] [2021-02-04T05:32:51.564Z] <<< HTTP RESPONSE 200 {"cache-control":"no-cache, no-store, max-age=0, must-revalidate","date":"Thu, 04 Feb 2021 05:32:51 GMT","expires":"Mon, 01 Jan 1990 00:00:00 GMT","pragma":"no-cache","content-type":"application/json; charset=utf-8","vary":"X-Origin, Referer, Origin,Accept-Encoding","server":"scaffolding on HTTPServer2","x-xss-protection":"0","x-frame-options":"SAMEORIGIN","x-content-type-options":"nosniff","alt-svc":"h3-29=\":443\"; ma=2592000,h3-T051=\":443\"; ma=2592000,h3-Q050=\":443\"; ma=2592000,h3-Q046=\":443\"; ma=2592000,h3-Q043=\":443\"; ma=2592000,quic=\":443\"; ma=2592000; v=\"46,43\"","accept-ranges":"none","transfer-encoding":"chunked"}
[debug] [2021-02-04T05:32:51.589Z] >>> [apiv2][query] GET https://firebase.googleapis.com/v1beta1/projects/v3-f5de1 [none]
